2018/10/29 20:26:06 にビルドを開始しました。
     1>ノード 2 上のプロジェクト "C:\RTM\PeopleDetection\build\src\PeopleDetectionComp.vcxproj" (Build ターゲット)。
     1>CustomBuild:
         Building Custom Rule C:/RTM/PeopleDetection/src/CMakeLists.txt
         CMake does not need to re-run because C:/RTM/PeopleDetection/build/src/CMakeFiles/generate.stamp is up-to-date.
       ClCompile:
         C:\Program Files (x86)\Microsoft Visual Studio 12.0\VC\bin\CL.exe /c /I"C:\Program Files (x86)\OpenRTM-aist\1.1.2\OpenCV2.4.11\include" /I"C:\Program Files (x86)\OpenRTM-aist\1.1.2\OpenCV2.4.11\include\opencv" /IC:\RTM\PeopleDetection\include /IC:\RTM\PeopleDetection\include\PeopleDetection /IC:\RTM\PeopleDetection\build /IC:\RTM\PeopleDetection\build\idl /I"C:\Program Files (x86)\OpenRTM-aist\1.1.2" /I"C:\Program Files (x86)\OpenRTM-aist\1.1.2\rtm\idl" /I"C:\Program Files (x86)\OpenRTM-aist\1.1.2\rtm\ext" /I"C:\Program Files (x86)\OpenRTM-aist\1.1.2\omniORB\4.2.1_vc12\include" /I"C:\Program Files\Microsoft SDKs\Kinect\v2.0_1409\inc" /Zi /nologo /W3 /WX- /Od /Ob0 /Oy- /D WIN32 /D _WINDOWS /D __WIN32__ /D __x86__ /D __NT__ /D __OSVERSION__=4 /D _CRT_SECURE_NO_DEPRECATE /D INCLUDE_stub_in_nt_dll /D RTC_CORBA_CXXMAPPING11 /D _WIN32_WINNT=0x0500 /D "CMAKE_INTDIR=\"Debug\"" /D _MBCS /Gm- /EHsc /RTC1 /MDd /GS /fp:precise /Zc:wchar_t /Zc:forScope /GR /Fo"PeopleDetectionComp.dir\Debug\\" /Fd"PeopleDetectionComp.dir\Debug\vc120.pdb" /Gd /TP /analyze- /errorReport:prompt C:\RTM\PeopleDetection\src\PeopleDetectionComp.cpp C:\RTM\PeopleDetection\src\PeopleDetection.cpp
         PeopleDetectionComp.cpp
     1>C:\Program Files (x86)\OpenRTM-aist\1.1.2\rtm/InPortBase.h(599): warning C4290: C++ の例外の指定は無視されます。関数が __declspec(nothrow) でないことのみ表示されます。
     1>C:\Program Files (x86)\OpenRTM-aist\1.1.2\coil/Factory.h(424): warning C4251: 'coil::Factory<AbstractClass,Identifier,Compare,Creator,Destructor>::m_creators' : class 'std::map<Identifier,coil::Factory<AbstractClass,Identifier,Compare,Creator,Destructor>::FactoryEntry,std::less<_Kty>,std::allocator<std::pair<const _Kty,_Ty>>>' は __export キーワードを使って class 'coil::Factory<AbstractClass,Identifier,Compare,Creator,Destructor>' にエクスポートしてください。
                 with
                 [
                     AbstractClass=RTC::InPortConsumer
         ,            Identifier=std::string
         ,            Compare=std::less<std::string>
         ,            Creator=RTC::InPortConsumer *(__cdecl *)(void)
         ,            Destructor=void (__cdecl *)(RTC::InPortConsumer *&)
                 ]
                 and
                 [
                     Identifier=std::string
         ,            AbstractClass=RTC::InPortConsumer
         ,            Compare=std::less<std::string>
         ,            Creator=RTC::InPortConsumer *(__cdecl *)(void)
         ,            Destructor=void (__cdecl *)(RTC::InPortConsumer *&)
         ,            _Kty=std::string
         ,            _Ty=coil::Factory<RTC::InPortConsumer,std::string,std::less<std::string>,RTC::InPortConsumer *(__cdecl *)(void),void (__cdecl *)(RTC::InPortConsumer *&)>::FactoryEntry
                 ]
                 and
                 [
                     AbstractClass=RTC::InPortConsumer
         ,            Identifier=std::string
         ,            Compare=std::less<std::string>
         ,            Creator=RTC::InPortConsumer *(__cdecl *)(void)
         ,            Destructor=void (__cdecl *)(RTC::InPortConsumer *&)
                 ]
                 C:\Program Files (x86)\OpenRTM-aist\1.1.2\rtm/InPortConsumer.h(258) : コンパイルされたクラスの テンプレート のインスタンス化 'coil::GlobalFactory<RTC::InPortConsumer,std::string,std::less<_Kty>,AbstractClass *(__cdecl *)(void),void (__cdecl *)(AbstractClass *&)>' の参照を確認してください
                 with
                 [
                     _Kty=std::string
         ,            AbstractClass=RTC::InPortConsumer
                 ]
     1>C:\Program Files (x86)\OpenRTM-aist\1.1.2\coil/Factory.h(424): warning C4251: 'coil::Factory<AbstractClass,Identifier,Compare,Creator,Destructor>::m_creators' : class 'std::map<Identifier,coil::Factory<AbstractClass,Identifier,Compare,Creator,Destructor>::FactoryEntry,std::less<_Kty>,std::allocator<std::pair<const _Kty,_Ty>>>' は __export キーワードを使って class 'coil::Factory<AbstractClass,Identifier,Compare,Creator,Destructor>' にエクスポートしてください。
                 with
                 [
                     AbstractClass=RTC::OutPortProvider
         ,            Identifier=std::string
         ,            Compare=std::less<std::string>
         ,            Creator=RTC::OutPortProvider *(__cdecl *)(void)
         ,            Destructor=void (__cdecl *)(RTC::OutPortProvider *&)
                 ]
                 and
                 [
                     Identifier=std::string
         ,            AbstractClass=RTC::OutPortProvider
         ,            Compare=std::less<std::string>
         ,            Creator=RTC::OutPortProvider *(__cdecl *)(void)
         ,            Destructor=void (__cdecl *)(RTC::OutPortProvider *&)
         ,            _Kty=std::string
         ,            _Ty=coil::Factory<RTC::OutPortProvider,std::string,std::less<std::string>,RTC::OutPortProvider *(__cdecl *)(void),void (__cdecl *)(RTC::OutPortProvider *&)>::FactoryEntry
                 ]
                 and
                 [
                     AbstractClass=RTC::OutPortProvider
         ,            Identifier=std::string
         ,            Compare=std::less<std::string>
         ,            Creator=RTC::OutPortProvider *(__cdecl *)(void)
         ,            Destructor=void (__cdecl *)(RTC::OutPortProvider *&)
                 ]
                 C:\Program Files (x86)\OpenRTM-aist\1.1.2\rtm/OutPortProvider.h(551) : コンパイルされたクラスの テンプレート のインスタンス化 'coil::GlobalFactory<RTC::OutPortProvider,std::string,std::less<_Kty>,AbstractClass *(__cdecl *)(void),void (__cdecl *)(AbstractClass *&)>' の参照を確認してください
                 with
                 [
                     _Kty=std::string
         ,            AbstractClass=RTC::OutPortProvider
                 ]
     1>C:\Program Files (x86)\OpenRTM-aist\1.1.2\rtm/OutPortBase.h(777): warning C4290: C++ の例外の指定は無視されます。関数が __declspec(nothrow) でないことのみ表示されます。
     1>C:\Program Files (x86)\OpenRTM-aist\1.1.2\coil/OS.h(92): warning C4996: 'GetVersionExA': が古い形式として宣言されました。
                 C:\Program Files (x86)\Windows Kits\8.1\Include\um\sysinfoapi.h(433) : 'GetVersionExA' の宣言を確認してください。
         PeopleDetection.cpp
     1>C:\Program Files (x86)\OpenRTM-aist\1.1.2\rtm/InPortBase.h(599): warning C4290: C++ の例外の指定は無視されます。関数が __declspec(nothrow) でないことのみ表示されます。
     1>C:\Program Files (x86)\OpenRTM-aist\1.1.2\coil/Factory.h(424): warning C4251: 'coil::Factory<AbstractClass,Identifier,Compare,Creator,Destructor>::m_creators' : class 'std::map<Identifier,coil::Factory<AbstractClass,Identifier,Compare,Creator,Destructor>::FactoryEntry,std::less<_Kty>,std::allocator<std::pair<const _Kty,_Ty>>>' は __export キーワードを使って class 'coil::Factory<AbstractClass,Identifier,Compare,Creator,Destructor>' にエクスポートしてください。
                 with
                 [
                     AbstractClass=RTC::InPortConsumer
         ,            Identifier=std::string
         ,            Compare=std::less<std::string>
         ,            Creator=RTC::InPortConsumer *(__cdecl *)(void)
         ,            Destructor=void (__cdecl *)(RTC::InPortConsumer *&)
                 ]
                 and
                 [
                     Identifier=std::string
         ,            AbstractClass=RTC::InPortConsumer
         ,            Compare=std::less<std::string>
         ,            Creator=RTC::InPortConsumer *(__cdecl *)(void)
         ,            Destructor=void (__cdecl *)(RTC::InPortConsumer *&)
         ,            _Kty=std::string
         ,            _Ty=coil::Factory<RTC::InPortConsumer,std::string,std::less<std::string>,RTC::InPortConsumer *(__cdecl *)(void),void (__cdecl *)(RTC::InPortConsumer *&)>::FactoryEntry
                 ]
                 and
                 [
                     AbstractClass=RTC::InPortConsumer
         ,            Identifier=std::string
         ,            Compare=std::less<std::string>
         ,            Creator=RTC::InPortConsumer *(__cdecl *)(void)
         ,            Destructor=void (__cdecl *)(RTC::InPortConsumer *&)
                 ]
                 C:\Program Files (x86)\OpenRTM-aist\1.1.2\rtm/InPortConsumer.h(258) : コンパイルされたクラスの テンプレート のインスタンス化 'coil::GlobalFactory<RTC::InPortConsumer,std::string,std::less<_Kty>,AbstractClass *(__cdecl *)(void),void (__cdecl *)(AbstractClass *&)>' の参照を確認してください
                 with
                 [
                     _Kty=std::string
         ,            AbstractClass=RTC::InPortConsumer
                 ]
     1>C:\Program Files (x86)\OpenRTM-aist\1.1.2\coil/Factory.h(424): warning C4251: 'coil::Factory<AbstractClass,Identifier,Compare,Creator,Destructor>::m_creators' : class 'std::map<Identifier,coil::Factory<AbstractClass,Identifier,Compare,Creator,Destructor>::FactoryEntry,std::less<_Kty>,std::allocator<std::pair<const _Kty,_Ty>>>' は __export キーワードを使って class 'coil::Factory<AbstractClass,Identifier,Compare,Creator,Destructor>' にエクスポートしてください。
                 with
                 [
                     AbstractClass=RTC::OutPortProvider
         ,            Identifier=std::string
         ,            Compare=std::less<std::string>
         ,            Creator=RTC::OutPortProvider *(__cdecl *)(void)
         ,            Destructor=void (__cdecl *)(RTC::OutPortProvider *&)
                 ]
                 and
                 [
                     Identifier=std::string
         ,            AbstractClass=RTC::OutPortProvider
         ,            Compare=std::less<std::string>
         ,            Creator=RTC::OutPortProvider *(__cdecl *)(void)
         ,            Destructor=void (__cdecl *)(RTC::OutPortProvider *&)
         ,            _Kty=std::string
         ,            _Ty=coil::Factory<RTC::OutPortProvider,std::string,std::less<std::string>,RTC::OutPortProvider *(__cdecl *)(void),void (__cdecl *)(RTC::OutPortProvider *&)>::FactoryEntry
                 ]
                 and
                 [
                     AbstractClass=RTC::OutPortProvider
         ,            Identifier=std::string
         ,            Compare=std::less<std::string>
         ,            Creator=RTC::OutPortProvider *(__cdecl *)(void)
         ,            Destructor=void (__cdecl *)(RTC::OutPortProvider *&)
                 ]
                 C:\Program Files (x86)\OpenRTM-aist\1.1.2\rtm/OutPortProvider.h(551) : コンパイルされたクラスの テンプレート のインスタンス化 'coil::GlobalFactory<RTC::OutPortProvider,std::string,std::less<_Kty>,AbstractClass *(__cdecl *)(void),void (__cdecl *)(AbstractClass *&)>' の参照を確認してください
                 with
                 [
                     _Kty=std::string
         ,            AbstractClass=RTC::OutPortProvider
                 ]
     1>C:\Program Files (x86)\OpenRTM-aist\1.1.2\rtm/OutPortBase.h(777): warning C4290: C++ の例外の指定は無視されます。関数が __declspec(nothrow) でないことのみ表示されます。
     1>C:\Program Files (x86)\OpenRTM-aist\1.1.2\coil/OS.h(92): warning C4996: 'GetVersionExA': が古い形式として宣言されました。
                 C:\Program Files (x86)\Windows Kits\8.1\Include\um\sysinfoapi.h(433) : 'GetVersionExA' の宣言を確認してください。
     1>C:\RTM\PeopleDetection\src\PeopleDetection.cpp(110): warning C4244: '引数' : 'float' から 'int' への変換です。データが失われる可能性があります。
         コードを生成中...
       Link:
         C:\Program Files (x86)\Microsoft Visual Studio 12.0\VC\bin\link.exe /ERRORREPORT:PROMPT /OUT:"C:\RTM\PeopleDetection\build\src\Debug\PeopleDetectionComp.exe" /INCREMENTAL /NOLOGO /LIBPATH:"C:/Program Files (x86)/OpenRTM-aist/1.1.2/bin/vc12" /LIBPATH:"C:/Program Files (x86)/OpenRTM-aist/1.1.2/bin/vc12/Debug" /LIBPATH:"C:/Program Files (x86)/OpenRTM-aist/1.1.2/omniORB/4.2.1_vc12/lib/x86_win32" /LIBPATH:"C:/Program Files (x86)/OpenRTM-aist/1.1.2/omniORB/4.2.1_vc12/lib/x86_win32/Debug" /LIBPATH:"C:/Program Files/Microsoft SDKs/Kinect/v2.0_1409/lib/x86" /LIBPATH:"C:/Program Files/Microsoft SDKs/Kinect/v2.0_1409/lib/x86/Debug" RTC112_vc12d.lib coil112_vc12d.lib omniORB421_rtd.lib omniDynamic421_rtd.lib omnithread40_rtd.lib advapi32.lib ws2_32.lib mswsock.lib "C:\Program Files (x86)\OpenRTM-aist\1.1.2\OpenCV2.4.11\x86\vc12\lib\opencv_videostab2411d.lib" "C:\Program Files (x86)\OpenRTM-aist\1.1.2\OpenCV2.4.11\x86\vc12\lib\opencv_ts2411d.lib" "C:\Program Files (x86)\OpenRTM-aist\1.1.2\OpenCV2.4.11\x86\vc12\lib\opencv_superres2411d.lib" "C:\Program Files (x86)\OpenRTM-aist\1.1.2\OpenCV2.4.11\x86\vc12\lib\opencv_stitching2411d.lib" "C:\Program Files (x86)\OpenRTM-aist\1.1.2\OpenCV2.4.11\x86\vc12\lib\opencv_contrib2411d.lib" Kinect20.lib "C:\Program Files (x86)\OpenRTM-aist\1.1.2\OpenCV2.4.11\x86\vc12\lib\opencv_nonfree2411d.lib" "C:\Program Files (x86)\OpenRTM-aist\1.1.2\OpenCV2.4.11\x86\vc12\lib\opencv_ocl2411d.lib" "C:\Program Files (x86)\OpenRTM-aist\1.1.2\OpenCV2.4.11\x86\vc12\lib\opencv_gpu2411d.lib" "C:\Program Files (x86)\OpenRTM-aist\1.1.2\OpenCV2.4.11\x86\vc12\lib\opencv_photo2411d.lib" "C:\Program Files (x86)\OpenRTM-aist\1.1.2\OpenCV2.4.11\x86\vc12\lib\opencv_objdetect2411d.lib" "C:\Program Files (x86)\OpenRTM-aist\1.1.2\OpenCV2.4.11\x86\vc12\lib\opencv_legacy2411d.lib" "C:\Program Files (x86)\OpenRTM-aist\1.1.2\OpenCV2.4.11\x86\vc12\lib\opencv_video2411d.lib" "C:\Program Files (x86)\OpenRTM-aist\1.1.2\OpenCV2.4.11\x86\vc12\lib\opencv_ml2411d.lib" "C:\Program Files (x86)\OpenRTM-aist\1.1.2\OpenCV2.4.11\x86\vc12\lib\opencv_calib3d2411d.lib" "C:\Program Files (x86)\OpenRTM-aist\1.1.2\OpenCV2.4.11\x86\vc12\lib\opencv_features2d2411d.lib" "C:\Program Files (x86)\OpenRTM-aist\1.1.2\OpenCV2.4.11\x86\vc12\lib\opencv_highgui2411d.lib" "C:\Program Files (x86)\OpenRTM-aist\1.1.2\OpenCV2.4.11\x86\vc12\lib\opencv_imgproc2411d.lib" "C:\Program Files (x86)\OpenRTM-aist\1.1.2\OpenCV2.4.11\x86\vc12\lib\opencv_flann2411d.lib" "C:\Program Files (x86)\OpenRTM-aist\1.1.2\OpenCV2.4.11\x86\vc12\lib\opencv_core2411d.lib" kernel32.lib user32.lib gdi32.lib winspool.lib shell32.lib ole32.lib oleaut32.lib uuid.lib comdlg32.lib advapi32.lib /MANIFEST /MANIFESTUAC:"level='asInvoker' uiAccess='false'" /manifest:embed /DEBUG /PDB:"C:/RTM/PeopleDetection/build/src/Debug/PeopleDetectionComp.pdb" /SUBSYSTEM:CONSOLE /TLBID:1 /DYNAMICBASE /NXCOMPAT /IMPLIB:"C:/RTM/PeopleDetection/build/src/Debug/PeopleDetectionComp.lib" /MACHINE:X86 /SAFESEH  /machine:X86 PeopleDetectionComp.dir\Debug\PeopleDetectionComp.obj
         PeopleDetectionComp.dir\Debug\PeopleDetection.obj
            ライブラリ C:/RTM/PeopleDetection/build/src/Debug/PeopleDetectionComp.lib とオブジェクト C:/RTM/PeopleDetection/build/src/Debug/PeopleDetectionComp.exp を作成中
         PeopleDetectionComp.vcxproj -> C:\RTM\PeopleDetection\build\src\Debug\PeopleDetectionComp.exe
     1>プロジェクト "C:\RTM\PeopleDetection\build\src\PeopleDetectionComp.vcxproj" (Build ターゲット) のビルドが完了しました。

ビルドに成功しました。

経過時間 00:00:12.05
